\BOOKMARK [0][-]{chapter.1}{Introduction}{}% 1
\BOOKMARK [1][-]{section.1.1}{Document structure}{chapter.1}% 2
\BOOKMARK [0][-]{chapter.2}{Problem definition}{}% 3
\BOOKMARK [1][-]{section.2.1}{Description}{chapter.2}% 4
\BOOKMARK [1][-]{section.2.2}{Formal definition}{chapter.2}% 5
\BOOKMARK [2][-]{subsection.2.2.1}{A relaxed TSP with temporal constraints}{section.2.2}% 6
\BOOKMARK [2][-]{subsection.2.2.2}{Input data}{section.2.2}% 7
\BOOKMARK [2][-]{subsection.2.2.3}{Constraints definition}{section.2.2}% 8
\BOOKMARK [2][-]{subsection.2.2.4}{Objective function definition}{section.2.2}% 9
\BOOKMARK [0][-]{chapter.3}{ILP model}{}% 10
\BOOKMARK [1][-]{section.3.1}{Input data}{chapter.3}% 11
\BOOKMARK [1][-]{section.3.2}{Decision variables}{chapter.3}% 12
\BOOKMARK [1][-]{section.3.3}{Constraints}{chapter.3}% 13
\BOOKMARK [2][-]{subsection.3.3.1}{Graph constraints}{section.3.3}% 14
\BOOKMARK [2][-]{subsection.3.3.2}{Time constraints}{section.3.3}% 15
\BOOKMARK [2][-]{subsection.3.3.3}{Avoiding cycles w/o starting location for free}{section.3.3}% 16
\BOOKMARK [0][-]{chapter.4}{Meta-heuristics}{}% 17
\BOOKMARK [1][-]{section.4.1}{GRASP implementation}{chapter.4}% 18
\BOOKMARK [2][-]{subsection.4.1.1}{Costructive phase}{section.4.1}% 19
\BOOKMARK [2][-]{subsection.4.1.2}{Local search}{section.4.1}% 20
\BOOKMARK [2][-]{subsection.4.1.3}{Greedy function}{section.4.1}% 21
\BOOKMARK [1][-]{section.4.2}{BRKGA implementation}{chapter.4}% 22
\BOOKMARK [2][-]{subsection.4.2.1}{Chromosome structure}{section.4.2}% 23
\BOOKMARK [2][-]{subsection.4.2.2}{Decoder}{section.4.2}% 24
\BOOKMARK [0][-]{chapter.5}{Tunning and Comparissons}{}% 25
\BOOKMARK [1][-]{section.5.1}{Tuning \040parameter for GRASP}{chapter.5}% 26
\BOOKMARK [1][-]{section.5.2}{Tuning BRKGA parameters}{chapter.5}% 27
\BOOKMARK [1][-]{section.5.3}{Comparisson: ILP vs meta-heuristics}{chapter.5}% 28
\BOOKMARK [0][-]{chapter.6}{Conclusions}{}% 29
